2021-07-25 04:24:43,886 INFO c.E.E.EmployeeManagementSystemApplication [main] Starting EmployeeManagementSystemApplication using Java 16.0.1 on DESKTOP-GC4GHMK with PID 5644 (C:\Users\User\Desktop\EmployeeManagementSystem\EmployeeManagementSystem\EmployeeManagementSystem\target\classes started by User in C:\Users\User\Desktop\EmployeeManagementSystem\EmployeeManagementSystem\EmployeeManagementSystem)
2021-07-25 04:24:43,944 INFO c.E.E.EmployeeManagementSystemApplication [main] No active profile set, falling back to default profiles: default
2021-07-25 04:24:45,858 INFO o.s.d.r.c.RepositoryConfigurationDelegate [main] Bootstrapping Spring Data JPA repositories in DEFAULT mode.
2021-07-25 04:24:46,000 INFO o.s.d.r.c.RepositoryConfigurationDelegate [main] Finished Spring Data repository scanning in 120 ms. Found 2 JPA repository interfaces.
2021-07-25 04:24:48,263 INFO o.s.b.w.e.t.TomcatWebServer [main] Tomcat initialized with port(s): 9090 (http)
2021-07-25 04:24:48,296 INFO o.a.c.h.Http11NioProtocol [main] Initializing ProtocolHandler ["http-nio-9090"]
2021-07-25 04:24:48,299 INFO o.a.c.c.StandardService [main] Starting service [Tomcat]
2021-07-25 04:24:48,301 INFO o.a.c.c.StandardEngine [main] Starting Servlet engine: [Apache Tomcat/9.0.50]
2021-07-25 04:24:49,158 INFO o.a.c.c.C.[.[.[/] [main] Initializing Spring embedded WebApplicationContext
2021-07-25 04:24:49,159 INFO o.s.b.w.s.c.ServletWebServerApplicationContext [main] Root WebApplicationContext: initialization completed in 5048 ms
2021-07-25 04:24:49,615 INFO o.h.j.i.u.LogHelper [main] HHH000204: Processing PersistenceUnitInfo [name: default]
2021-07-25 04:24:49,743 INFO o.h.Version [main] HHH000412: Hibernate ORM core version 5.4.32.Final
2021-07-25 04:24:50,054 INFO o.h.a.c.Version [main] HCANN000001: Hibernate Commons Annotations {5.1.2.Final}
2021-07-25 04:24:50,376 INFO c.z.h.HikariDataSource [main] HikariPool-1 - Starting...
2021-07-25 04:24:50,906 INFO c.z.h.HikariDataSource [main] HikariPool-1 - Start completed.
2021-07-25 04:24:50,951 INFO o.h.d.Dialect [main] HHH000400: Using dialect: org.hibernate.dialect.PostgreSQL93Dialect
2021-07-25 04:24:53,307 INFO o.h.e.t.j.p.i.JtaPlatformInitiator [main] HHH000490: Using JtaPlatform implementation: [org.hibernate.engine.transaction.jta.platform.internal.NoJtaPlatform]
2021-07-25 04:24:53,336 INFO o.s.o.j.LocalContainerEntityManagerFactoryBean [main] Initialized JPA EntityManagerFactory for persistence unit 'default'
2021-07-25 04:24:54,480 WARN o.s.b.a.o.j.JpaBaseConfiguration$JpaWebConfiguration [main] spring.jpa.open-in-view is enabled by default. Therefore, database queries may be performed during view rendering. Explicitly configure spring.jpa.open-in-view to disable this warning
2021-07-25 04:24:55,030 INFO o.s.b.a.w.s.WelcomePageHandlerMapping [main] Adding welcome page template: index
2021-07-25 04:24:56,322 INFO o.a.c.h.Http11NioProtocol [main] Starting ProtocolHandler ["http-nio-9090"]
2021-07-25 04:24:56,383 INFO o.s.b.w.e.t.TomcatWebServer [main] Tomcat started on port(s): 9090 (http) with context path ''
2021-07-25 04:24:56,410 INFO c.E.E.EmployeeManagementSystemApplication [main] Started EmployeeManagementSystemApplication in 13.544 seconds (JVM running for 15.725)
2021-07-25 04:59:25,716 INFO c.E.E.EmployeeManagementSystemApplication [main] Starting EmployeeManagementSystemApplication using Java 16.0.1 on DESKTOP-GC4GHMK with PID 1172 (C:\Users\User\Desktop\EmployeeManagementSystem\EmployeeManagementSystem\EmployeeManagementSystem\target\classes started by User in C:\Users\User\Desktop\EmployeeManagementSystem\EmployeeManagementSystem\EmployeeManagementSystem)
2021-07-25 04:59:25,779 INFO c.E.E.EmployeeManagementSystemApplication [main] No active profile set, falling back to default profiles: default
2021-07-25 04:59:30,041 INFO o.s.d.r.c.RepositoryConfigurationDelegate [main] Bootstrapping Spring Data JPA repositories in DEFAULT mode.
2021-07-25 04:59:30,228 INFO o.s.d.r.c.RepositoryConfigurationDelegate [main] Finished Spring Data repository scanning in 165 ms. Found 2 JPA repository interfaces.
2021-07-25 04:59:35,208 INFO o.s.b.w.e.t.TomcatWebServer [main] Tomcat initialized with port(s): 9090 (http)
2021-07-25 04:59:35,310 INFO o.a.c.h.Http11NioProtocol [main] Initializing ProtocolHandler ["http-nio-9090"]
2021-07-25 04:59:35,312 INFO o.a.c.c.StandardService [main] Starting service [Tomcat]
2021-07-25 04:59:35,313 INFO o.a.c.c.StandardEngine [main] Starting Servlet engine: [Apache Tomcat/9.0.50]
2021-07-25 04:59:35,695 INFO o.a.c.c.C.[.[.[/] [main] Initializing Spring embedded WebApplicationContext
2021-07-25 04:59:35,696 INFO o.s.b.w.s.c.ServletWebServerApplicationContext [main] Root WebApplicationContext: initialization completed in 9705 ms
2021-07-25 04:59:36,238 INFO o.h.j.i.u.LogHelper [main] HHH000204: Processing PersistenceUnitInfo [name: default]
2021-07-25 04:59:36,379 INFO o.h.Version [main] HHH000412: Hibernate ORM core version 5.4.32.Final
2021-07-25 04:59:36,666 INFO o.h.a.c.Version [main] HCANN000001: Hibernate Commons Annotations {5.1.2.Final}
2021-07-25 04:59:36,919 INFO c.z.h.HikariDataSource [main] HikariPool-1 - Starting...
2021-07-25 04:59:37,930 INFO c.z.h.HikariDataSource [main] HikariPool-1 - Start completed.
2021-07-25 04:59:37,961 INFO o.h.d.Dialect [main] HHH000400: Using dialect: org.hibernate.dialect.PostgreSQL93Dialect
2021-07-25 05:00:09,027 INFO o.h.e.t.j.p.i.JtaPlatformInitiator [main] HHH000490: Using JtaPlatform implementation: [org.hibernate.engine.transaction.jta.platform.internal.NoJtaPlatform]
2021-07-25 05:00:09,264 INFO o.s.o.j.LocalContainerEntityManagerFactoryBean [main] Initialized JPA EntityManagerFactory for persistence unit 'default'
2021-07-25 05:00:16,406 WARN o.s.b.a.o.j.JpaBaseConfiguration$JpaWebConfiguration [main] spring.jpa.open-in-view is enabled by default. Therefore, database queries may be performed during view rendering. Explicitly configure spring.jpa.open-in-view to disable this warning
2021-07-25 05:00:19,476 INFO o.s.b.a.w.s.WelcomePageHandlerMapping [main] Adding welcome page template: index
2021-07-25 05:00:29,408 INFO o.a.c.h.Http11NioProtocol [main] Starting ProtocolHandler ["http-nio-9090"]
2021-07-25 05:00:29,927 INFO o.s.b.w.e.t.TomcatWebServer [main] Tomcat started on port(s): 9090 (http) with context path ''
2021-07-25 05:00:29,979 INFO c.E.E.EmployeeManagementSystemApplication [main] Started EmployeeManagementSystemApplication in 66.056 seconds (JVM running for 68.914)
2021-07-25 05:00:34,483 INFO o.a.c.c.C.[.[.[/] [http-nio-9090-exec-1] Initializing Spring DispatcherServlet 'dispatcherServlet'
2021-07-25 05:00:34,483 INFO o.s.w.s.DispatcherServlet [http-nio-9090-exec-1] Initializing Servlet 'dispatcherServlet'
2021-07-25 05:00:34,485 INFO o.s.w.s.DispatcherServlet [http-nio-9090-exec-1] Completed initialization in 1 ms
2021-07-25 05:16:13,021 INFO c.E.E.EmployeeManagementSystemApplication [main] Starting EmployeeManagementSystemApplication using Java 16.0.1 on DESKTOP-GC4GHMK with PID 11648 (C:\Users\User\Desktop\EmployeeManagementSystem\EmployeeManagementSystem\EmployeeManagementSystem\target\classes started by User in C:\Users\User\Desktop\EmployeeManagementSystem\EmployeeManagementSystem\EmployeeManagementSystem)
2021-07-25 05:16:13,063 INFO c.E.E.EmployeeManagementSystemApplication [main] No active profile set, falling back to default profiles: default
2021-07-25 05:16:18,243 INFO o.s.d.r.c.RepositoryConfigurationDelegate [main] Bootstrapping Spring Data JPA repositories in DEFAULT mode.
2021-07-25 05:16:18,449 INFO o.s.d.r.c.RepositoryConfigurationDelegate [main] Finished Spring Data repository scanning in 162 ms. Found 2 JPA repository interfaces.
2021-07-25 05:16:24,328 INFO o.s.b.w.e.t.TomcatWebServer [main] Tomcat initialized with port(s): 9090 (http)
2021-07-25 05:16:24,397 INFO o.a.c.h.Http11NioProtocol [main] Initializing ProtocolHandler ["http-nio-9090"]
2021-07-25 05:16:24,398 INFO o.a.c.c.StandardService [main] Starting service [Tomcat]
2021-07-25 05:16:24,399 INFO o.a.c.c.StandardEngine [main] Starting Servlet engine: [Apache Tomcat/9.0.50]
2021-07-25 05:16:25,019 INFO o.a.c.c.C.[.[.[/] [main] Initializing Spring embedded WebApplicationContext
2021-07-25 05:16:25,019 INFO o.s.b.w.s.c.ServletWebServerApplicationContext [main] Root WebApplicationContext: initialization completed in 11708 ms
2021-07-25 05:16:26,206 INFO o.h.j.i.u.LogHelper [main] HHH000204: Processing PersistenceUnitInfo [name: default]
2021-07-25 05:16:26,637 INFO o.h.Version [main] HHH000412: Hibernate ORM core version 5.4.32.Final
2021-07-25 05:16:27,768 INFO o.h.a.c.Version [main] HCANN000001: Hibernate Commons Annotations {5.1.2.Final}
2021-07-25 05:16:28,460 INFO c.z.h.HikariDataSource [main] HikariPool-1 - Starting...
2021-07-25 05:16:30,421 INFO c.z.h.HikariDataSource [main] HikariPool-1 - Start completed.
2021-07-25 05:16:30,573 INFO o.h.d.Dialect [main] HHH000400: Using dialect: org.hibernate.dialect.PostgreSQL93Dialect
2021-07-25 05:16:35,917 INFO o.h.e.t.j.p.i.JtaPlatformInitiator [main] HHH000490: Using JtaPlatform implementation: [org.hibernate.engine.transaction.jta.platform.internal.NoJtaPlatform]
2021-07-25 05:16:35,968 INFO o.s.o.j.LocalContainerEntityManagerFactoryBean [main] Initialized JPA EntityManagerFactory for persistence unit 'default'
2021-07-25 05:16:37,925 WARN o.s.b.a.o.j.JpaBaseConfiguration$JpaWebConfiguration [main] spring.jpa.open-in-view is enabled by default. Therefore, database queries may be performed during view rendering. Explicitly configure spring.jpa.open-in-view to disable this warning
2021-07-25 05:16:39,068 INFO o.s.b.a.w.s.WelcomePageHandlerMapping [main] Adding welcome page template: index
2021-07-25 05:16:40,702 INFO o.a.c.h.Http11NioProtocol [main] Starting ProtocolHandler ["http-nio-9090"]
2021-07-25 05:16:40,899 INFO o.s.b.w.e.t.TomcatWebServer [main] Tomcat started on port(s): 9090 (http) with context path ''
2021-07-25 05:16:40,901 INFO s.d.s.w.p.DocumentationPluginsBootstrapper [main] Context refreshed
2021-07-25 05:16:40,974 INFO s.d.s.w.p.DocumentationPluginsBootstrapper [main] Found 1 custom documentation plugin(s)
2021-07-25 05:16:40,994 INFO s.d.s.w.s.ApiListingReferenceScanner [main] Scanning for api listing references
2021-07-25 05:16:41,672 INFO c.E.E.EmployeeManagementSystemApplication [main] Started EmployeeManagementSystemApplication in 29.907 seconds (JVM running for 35.858)
2021-07-25 05:18:05,501 INFO o.a.c.c.C.[.[.[/] [http-nio-9090-exec-1] Initializing Spring DispatcherServlet 'dispatcherServlet'
2021-07-25 05:18:05,501 INFO o.s.w.s.DispatcherServlet [http-nio-9090-exec-1] Initializing Servlet 'dispatcherServlet'
2021-07-25 05:18:05,504 INFO o.s.w.s.DispatcherServlet [http-nio-9090-exec-1] Completed initialization in 3 ms
2021-07-25 10:09:19,721 INFO c.E.E.EmployeeManagementSystemApplication [main] Starting EmployeeManagementSystemApplication using Java 16.0.1 on DESKTOP-GC4GHMK with PID 3904 (C:\Users\User\Desktop\EmployeeManagementSystem\EmployeeManagementSystem\EmployeeManagementSystem\target\classes started by User in C:\Users\User\Desktop\EmployeeManagementSystem\EmployeeManagementSystem\EmployeeManagementSystem)
2021-07-25 10:09:20,166 INFO c.E.E.EmployeeManagementSystemApplication [main] No active profile set, falling back to default profiles: default
2021-07-25 10:09:25,349 INFO o.s.d.r.c.RepositoryConfigurationDelegate [main] Bootstrapping Spring Data JPA repositories in DEFAULT mode.
2021-07-25 10:09:25,533 INFO o.s.d.r.c.RepositoryConfigurationDelegate [main] Finished Spring Data repository scanning in 156 ms. Found 2 JPA repository interfaces.
2021-07-25 10:09:28,546 INFO o.s.b.w.e.t.TomcatWebServer [main] Tomcat initialized with port(s): 9090 (http)
2021-07-25 10:09:28,615 INFO o.a.c.h.Http11NioProtocol [main] Initializing ProtocolHandler ["http-nio-9090"]
2021-07-25 10:09:28,616 INFO o.a.c.c.StandardService [main] Starting service [Tomcat]
2021-07-25 10:09:28,616 INFO o.a.c.c.StandardEngine [main] Starting Servlet engine: [Apache Tomcat/9.0.50]
2021-07-25 10:09:29,010 INFO o.a.c.c.C.[.[.[/] [main] Initializing Spring embedded WebApplicationContext
2021-07-25 10:09:29,010 INFO o.s.b.w.s.c.ServletWebServerApplicationContext [main] Root WebApplicationContext: initialization completed in 8018 ms
2021-07-25 10:09:29,880 INFO o.h.j.i.u.LogHelper [main] HHH000204: Processing PersistenceUnitInfo [name: default]
2021-07-25 10:09:30,088 INFO o.h.Version [main] HHH000412: Hibernate ORM core version 5.4.32.Final
2021-07-25 10:09:30,958 INFO o.h.a.c.Version [main] HCANN000001: Hibernate Commons Annotations {5.1.2.Final}
2021-07-25 10:09:31,394 INFO c.z.h.HikariDataSource [main] HikariPool-1 - Starting...
2021-07-25 10:09:32,491 INFO c.z.h.HikariDataSource [main] HikariPool-1 - Start completed.
2021-07-25 10:09:32,592 INFO o.h.d.Dialect [main] HHH000400: Using dialect: org.hibernate.dialect.PostgreSQL93Dialect
2021-07-25 10:09:35,782 INFO o.h.e.t.j.p.i.JtaPlatformInitiator [main] HHH000490: Using JtaPlatform implementation: [org.hibernate.engine.transaction.jta.platform.internal.NoJtaPlatform]
2021-07-25 10:09:35,810 INFO o.s.o.j.LocalContainerEntityManagerFactoryBean [main] Initialized JPA EntityManagerFactory for persistence unit 'default'
2021-07-25 10:09:37,456 WARN o.s.b.a.o.j.JpaBaseConfiguration$JpaWebConfiguration [main] spring.jpa.open-in-view is enabled by default. Therefore, database queries may be performed during view rendering. Explicitly configure spring.jpa.open-in-view to disable this warning
2021-07-25 10:09:38,475 INFO o.s.b.a.w.s.WelcomePageHandlerMapping [main] Adding welcome page template: index
2021-07-25 10:09:40,215 INFO o.a.c.h.Http11NioProtocol [main] Starting ProtocolHandler ["http-nio-9090"]
2021-07-25 10:09:40,358 INFO o.s.b.w.e.t.TomcatWebServer [main] Tomcat started on port(s): 9090 (http) with context path ''
2021-07-25 10:09:40,361 INFO s.d.s.w.p.DocumentationPluginsBootstrapper [main] Context refreshed
2021-07-25 10:09:40,435 INFO s.d.s.w.p.DocumentationPluginsBootstrapper [main] Found 1 custom documentation plugin(s)
2021-07-25 10:09:40,463 INFO s.d.s.w.s.ApiListingReferenceScanner [main] Scanning for api listing references
2021-07-25 10:09:41,262 INFO c.E.E.EmployeeManagementSystemApplication [main] Started EmployeeManagementSystemApplication in 24.444 seconds (JVM running for 26.51)
2021-07-25 10:10:22,973 INFO o.a.c.c.C.[.[.[/] [http-nio-9090-exec-1] Initializing Spring DispatcherServlet 'dispatcherServlet'
2021-07-25 10:10:22,974 INFO o.s.w.s.DispatcherServlet [http-nio-9090-exec-1] Initializing Servlet 'dispatcherServlet'
2021-07-25 10:10:22,976 INFO o.s.w.s.DispatcherServlet [http-nio-9090-exec-1] Completed initialization in 2 ms
2021-07-25 10:20:04,213 ERROR o.t.TemplateEngine [http-nio-9090-exec-5] [THYMELEAF][http-nio-9090-exec-5] Exception processing template "Employee": Error resolving template [Employee], template might not exist or might not be accessible by any of the configured Template Resolvers
org.thymeleaf.exceptions.TemplateInputException: Error resolving template [Employee], template might not exist or might not be accessible by any of the configured Template Resolvers
	at org.thymeleaf.engine.TemplateManager.resolveTemplate(TemplateManager.java:869) ~[thymeleaf-3.0.12.RELEASE.jar:3.0.12.RELEASE]
	at org.thymeleaf.engine.TemplateManager.parseAndProcess(TemplateManager.java:607) ~[thymeleaf-3.0.12.RELEASE.jar:3.0.12.RELEASE]
	at org.thymeleaf.TemplateEngine.process(TemplateEngine.java:1098) [thymeleaf-3.0.12.RELEASE.jar:3.0.12.RELEASE]
	at org.thymeleaf.TemplateEngine.process(TemplateEngine.java:1072) [thymeleaf-3.0.12.RELEASE.jar:3.0.12.RELEASE]
	at org.thymeleaf.spring5.view.ThymeleafView.renderFragment(ThymeleafView.java:366) [thymeleaf-spring5-3.0.12.RELEASE.jar:3.0.12.RELEASE]
	at org.thymeleaf.spring5.view.ThymeleafView.render(ThymeleafView.java:190) [thymeleaf-spring5-3.0.12.RELEASE.jar:3.0.12.RELEASE]
	at org.springframework.web.servlet.DispatcherServlet.render(DispatcherServlet.java:1397) [spring-webmvc-5.3.9.jar:5.3.9]
	at org.springframework.web.servlet.DispatcherServlet.processDispatchResult(DispatcherServlet.java:1142) [spring-webmvc-5.3.9.jar:5.3.9]
	at org.springframework.web.servlet.DispatcherServlet.doDispatch(DispatcherServlet.java:1081) [spring-webmvc-5.3.9.jar:5.3.9]
	at org.springframework.web.servlet.DispatcherServlet.doService(DispatcherServlet.java:963) [spring-webmvc-5.3.9.jar:5.3.9]
	at org.springframework.web.servlet.FrameworkServlet.processRequest(FrameworkServlet.java:1006) [spring-webmvc-5.3.9.jar:5.3.9]
	at org.springframework.web.servlet.FrameworkServlet.doGet(FrameworkServlet.java:898) [spring-webmvc-5.3.9.jar:5.3.9]
	at javax.servlet.http.HttpServlet.service(HttpServlet.java:655) [tomcat-embed-core-9.0.50.jar:4.0.FR]
	at org.springframework.web.servlet.FrameworkServlet.service(FrameworkServlet.java:883) [spring-webmvc-5.3.9.jar:5.3.9]
	at javax.servlet.http.HttpServlet.service(HttpServlet.java:764) [tomcat-embed-core-9.0.50.jar:4.0.FR]
	at org.apache.catalina.core.ApplicationFilterChain.internalDoFilter(ApplicationFilterChain.java:228) [tomcat-embed-core-9.0.50.jar:9.0.50]
	at org.apache.catalina.core.ApplicationFilterChain.doFilter(ApplicationFilterChain.java:163) [tomcat-embed-core-9.0.50.jar:9.0.50]
	at org.apache.tomcat.websocket.server.WsFilter.doFilter(WsFilter.java:53) [tomcat-embed-websocket-9.0.50.jar:9.0.50]
	at org.apache.catalina.core.ApplicationFilterChain.internalDoFilter(ApplicationFilterChain.java:190) [tomcat-embed-core-9.0.50.jar:9.0.50]
	at org.apache.catalina.core.ApplicationFilterChain.doFilter(ApplicationFilterChain.java:163) [tomcat-embed-core-9.0.50.jar:9.0.50]
	at org.springframework.web.filter.RequestContextFilter.doFilterInternal(RequestContextFilter.java:100) [spring-web-5.3.9.jar:5.3.9]
	at org.springframework.web.filter.OncePerRequestFilter.doFilter(OncePerRequestFilter.java:119) [spring-web-5.3.9.jar:5.3.9]
	at org.apache.catalina.core.ApplicationFilterChain.internalDoFilter(ApplicationFilterChain.java:190) [tomcat-embed-core-9.0.50.jar:9.0.50]
	at org.apache.catalina.core.ApplicationFilterChain.doFilter(ApplicationFilterChain.java:163) [tomcat-embed-core-9.0.50.jar:9.0.50]
	at org.springframework.web.filter.FormContentFilter.doFilterInternal(FormContentFilter.java:93) [spring-web-5.3.9.jar:5.3.9]
	at org.springframework.web.filter.OncePerRequestFilter.doFilter(OncePerRequestFilter.java:119) [spring-web-5.3.9.jar:5.3.9]
	at org.apache.catalina.core.ApplicationFilterChain.internalDoFilter(ApplicationFilterChain.java:190) [tomcat-embed-core-9.0.50.jar:9.0.50]
	at org.apache.catalina.core.ApplicationFilterChain.doFilter(ApplicationFilterChain.java:163) [tomcat-embed-core-9.0.50.jar:9.0.50]
	at org.springframework.web.filter.CharacterEncodingFilter.doFilterInternal(CharacterEncodingFilter.java:201) [spring-web-5.3.9.jar:5.3.9]
	at org.springframework.web.filter.OncePerRequestFilter.doFilter(OncePerRequestFilter.java:119) [spring-web-5.3.9.jar:5.3.9]
	at org.apache.catalina.core.ApplicationFilterChain.internalDoFilter(ApplicationFilterChain.java:190) [tomcat-embed-core-9.0.50.jar:9.0.50]
	at org.apache.catalina.core.ApplicationFilterChain.doFilter(ApplicationFilterChain.java:163) [tomcat-embed-core-9.0.50.jar:9.0.50]
	at org.apache.catalina.core.StandardWrapperValve.invoke(StandardWrapperValve.java:202) [tomcat-embed-core-9.0.50.jar:9.0.50]
	at org.apache.catalina.core.StandardContextValve.invoke(StandardContextValve.java:97) [tomcat-embed-core-9.0.50.jar:9.0.50]
	at org.apache.catalina.authenticator.AuthenticatorBase.invoke(AuthenticatorBase.java:542) [tomcat-embed-core-9.0.50.jar:9.0.50]
	at org.apache.catalina.core.StandardHostValve.invoke(StandardHostValve.java:143) [tomcat-embed-core-9.0.50.jar:9.0.50]
	at org.apache.catalina.valves.ErrorReportValve.invoke(ErrorReportValve.java:92) [tomcat-embed-core-9.0.50.jar:9.0.50]
	at org.apache.catalina.core.StandardEngineValve.invoke(StandardEngineValve.java:78) [tomcat-embed-core-9.0.50.jar:9.0.50]
	at org.apache.catalina.connector.CoyoteAdapter.service(CoyoteAdapter.java:357) [tomcat-embed-core-9.0.50.jar:9.0.50]
	at org.apache.coyote.http11.Http11Processor.service(Http11Processor.java:382) [tomcat-embed-core-9.0.50.jar:9.0.50]
	at org.apache.coyote.AbstractProcessorLight.process(AbstractProcessorLight.java:65) [tomcat-embed-core-9.0.50.jar:9.0.50]
	at org.apache.coyote.AbstractProtocol$ConnectionHandler.process(AbstractProtocol.java:893) [tomcat-embed-core-9.0.50.jar:9.0.50]
	at org.apache.tomcat.util.net.NioEndpoint$SocketProcessor.doRun(NioEndpoint.java:1723) [tomcat-embed-core-9.0.50.jar:9.0.50]
	at org.apache.tomcat.util.net.SocketProcessorBase.run(SocketProcessorBase.java:49) [tomcat-embed-core-9.0.50.jar:9.0.50]
	at java.util.concurrent.ThreadPoolExecutor.runWorker(ThreadPoolExecutor.java:1130) [?:?]
	at java.util.concurrent.ThreadPoolExecutor$Worker.run(ThreadPoolExecutor.java:630) [?:?]
	at org.apache.tomcat.util.threads.TaskThread$WrappingRunnable.run(TaskThread.java:61) [tomcat-embed-core-9.0.50.jar:9.0.50]
	at java.lang.Thread.run(Thread.java:831) [?:?]
2021-07-25 10:20:04,273 ERROR o.a.c.c.C.[.[.[.[dispatcherServlet] [http-nio-9090-exec-5] Servlet.service() for servlet [dispatcherServlet] in context with path [] threw exception [Request processing failed; nested exception is org.thymeleaf.exceptions.TemplateInputException: Error resolving template [Employee], template might not exist or might not be accessible by any of the configured Template Resolvers] with root cause
org.thymeleaf.exceptions.TemplateInputException: Error resolving template [Employee], template might not exist or might not be accessible by any of the configured Template Resolvers
	at org.thymeleaf.engine.TemplateManager.resolveTemplate(TemplateManager.java:869) ~[thymeleaf-3.0.12.RELEASE.jar:3.0.12.RELEASE]
	at org.thymeleaf.engine.TemplateManager.parseAndProcess(TemplateManager.java:607) ~[thymeleaf-3.0.12.RELEASE.jar:3.0.12.RELEASE]
	at org.thymeleaf.TemplateEngine.process(TemplateEngine.java:1098) ~[thymeleaf-3.0.12.RELEASE.jar:3.0.12.RELEASE]
	at org.thymeleaf.TemplateEngine.process(TemplateEngine.java:1072) ~[thymeleaf-3.0.12.RELEASE.jar:3.0.12.RELEASE]
	at org.thymeleaf.spring5.view.ThymeleafView.renderFragment(ThymeleafView.java:366) ~[thymeleaf-spring5-3.0.12.RELEASE.jar:3.0.12.RELEASE]
	at org.thymeleaf.spring5.view.ThymeleafView.render(ThymeleafView.java:190) ~[thymeleaf-spring5-3.0.12.RELEASE.jar:3.0.12.RELEASE]
	at org.springframework.web.servlet.DispatcherServlet.render(DispatcherServlet.java:1397) ~[spring-webmvc-5.3.9.jar:5.3.9]
	at org.springframework.web.servlet.DispatcherServlet.processDispatchResult(DispatcherServlet.java:1142) ~[spring-webmvc-5.3.9.jar:5.3.9]
	at org.springframework.web.servlet.DispatcherServlet.doDispatch(DispatcherServlet.java:1081) ~[spring-webmvc-5.3.9.jar:5.3.9]
	at org.springframework.web.servlet.DispatcherServlet.doService(DispatcherServlet.java:963) ~[spring-webmvc-5.3.9.jar:5.3.9]
	at org.springframework.web.servlet.FrameworkServlet.processRequest(FrameworkServlet.java:1006) ~[spring-webmvc-5.3.9.jar:5.3.9]
	at org.springframework.web.servlet.FrameworkServlet.doGet(FrameworkServlet.java:898) ~[spring-webmvc-5.3.9.jar:5.3.9]
	at javax.servlet.http.HttpServlet.service(HttpServlet.java:655) ~[tomcat-embed-core-9.0.50.jar:4.0.FR]
	at org.springframework.web.servlet.FrameworkServlet.service(FrameworkServlet.java:883) ~[spring-webmvc-5.3.9.jar:5.3.9]
	at javax.servlet.http.HttpServlet.service(HttpServlet.java:764) ~[tomcat-embed-core-9.0.50.jar:4.0.FR]
	at org.apache.catalina.core.ApplicationFilterChain.internalDoFilter(ApplicationFilterChain.java:228) ~[tomcat-embed-core-9.0.50.jar:9.0.50]
	at org.apache.catalina.core.ApplicationFilterChain.doFilter(ApplicationFilterChain.java:163) ~[tomcat-embed-core-9.0.50.jar:9.0.50]
	at org.apache.tomcat.websocket.server.WsFilter.doFilter(WsFilter.java:53) ~[tomcat-embed-websocket-9.0.50.jar:9.0.50]
	at org.apache.catalina.core.ApplicationFilterChain.internalDoFilter(ApplicationFilterChain.java:190) ~[tomcat-embed-core-9.0.50.jar:9.0.50]
	at org.apache.catalina.core.ApplicationFilterChain.doFilter(ApplicationFilterChain.java:163) ~[tomcat-embed-core-9.0.50.jar:9.0.50]
	at org.springframework.web.filter.RequestContextFilter.doFilterInternal(RequestContextFilter.java:100) ~[spring-web-5.3.9.jar:5.3.9]
	at org.springframework.web.filter.OncePerRequestFilter.doFilter(OncePerRequestFilter.java:119) ~[spring-web-5.3.9.jar:5.3.9]
	at org.apache.catalina.core.ApplicationFilterChain.internalDoFilter(ApplicationFilterChain.java:190) ~[tomcat-embed-core-9.0.50.jar:9.0.50]
	at org.apache.catalina.core.ApplicationFilterChain.doFilter(ApplicationFilterChain.java:163) ~[tomcat-embed-core-9.0.50.jar:9.0.50]
	at org.springframework.web.filter.FormContentFilter.doFilterInternal(FormContentFilter.java:93) ~[spring-web-5.3.9.jar:5.3.9]
	at org.springframework.web.filter.OncePerRequestFilter.doFilter(OncePerRequestFilter.java:119) ~[spring-web-5.3.9.jar:5.3.9]
	at org.apache.catalina.core.ApplicationFilterChain.internalDoFilter(ApplicationFilterChain.java:190) ~[tomcat-embed-core-9.0.50.jar:9.0.50]
	at org.apache.catalina.core.ApplicationFilterChain.doFilter(ApplicationFilterChain.java:163) ~[tomcat-embed-core-9.0.50.jar:9.0.50]
	at org.springframework.web.filter.CharacterEncodingFilter.doFilterInternal(CharacterEncodingFilter.java:201) ~[spring-web-5.3.9.jar:5.3.9]
	at org.springframework.web.filter.OncePerRequestFilter.doFilter(OncePerRequestFilter.java:119) ~[spring-web-5.3.9.jar:5.3.9]
	at org.apache.catalina.core.ApplicationFilterChain.internalDoFilter(ApplicationFilterChain.java:190) ~[tomcat-embed-core-9.0.50.jar:9.0.50]
	at org.apache.catalina.core.ApplicationFilterChain.doFilter(ApplicationFilterChain.java:163) ~[tomcat-embed-core-9.0.50.jar:9.0.50]
	at org.apache.catalina.core.StandardWrapperValve.invoke(StandardWrapperValve.java:202) [tomcat-embed-core-9.0.50.jar:9.0.50]
	at org.apache.catalina.core.StandardContextValve.invoke(StandardContextValve.java:97) [tomcat-embed-core-9.0.50.jar:9.0.50]
	at org.apache.catalina.authenticator.AuthenticatorBase.invoke(AuthenticatorBase.java:542) [tomcat-embed-core-9.0.50.jar:9.0.50]
	at org.apache.catalina.core.StandardHostValve.invoke(StandardHostValve.java:143) [tomcat-embed-core-9.0.50.jar:9.0.50]
	at org.apache.catalina.valves.ErrorReportValve.invoke(ErrorReportValve.java:92) [tomcat-embed-core-9.0.50.jar:9.0.50]
	at org.apache.catalina.core.StandardEngineValve.invoke(StandardEngineValve.java:78) [tomcat-embed-core-9.0.50.jar:9.0.50]
	at org.apache.catalina.connector.CoyoteAdapter.service(CoyoteAdapter.java:357) [tomcat-embed-core-9.0.50.jar:9.0.50]
	at org.apache.coyote.http11.Http11Processor.service(Http11Processor.java:382) [tomcat-embed-core-9.0.50.jar:9.0.50]
	at org.apache.coyote.AbstractProcessorLight.process(AbstractProcessorLight.java:65) [tomcat-embed-core-9.0.50.jar:9.0.50]
	at org.apache.coyote.AbstractProtocol$ConnectionHandler.process(AbstractProtocol.java:893) [tomcat-embed-core-9.0.50.jar:9.0.50]
	at org.apache.tomcat.util.net.NioEndpoint$SocketProcessor.doRun(NioEndpoint.java:1723) [tomcat-embed-core-9.0.50.jar:9.0.50]
	at org.apache.tomcat.util.net.SocketProcessorBase.run(SocketProcessorBase.java:49) [tomcat-embed-core-9.0.50.jar:9.0.50]
	at java.util.concurrent.ThreadPoolExecutor.runWorker(ThreadPoolExecutor.java:1130) [?:?]
	at java.util.concurrent.ThreadPoolExecutor$Worker.run(ThreadPoolExecutor.java:630) [?:?]
	at org.apache.tomcat.util.threads.TaskThread$WrappingRunnable.run(TaskThread.java:61) [tomcat-embed-core-9.0.50.jar:9.0.50]
	at java.lang.Thread.run(Thread.java:831) [?:?]
2021-07-25 10:37:44,917 INFO c.E.E.EmployeeManagementSystemApplication [main] Starting EmployeeManagementSystemApplication using Java 16.0.1 on DESKTOP-GC4GHMK with PID 12668 (C:\Users\User\Desktop\EmployeeManagementSystem\EmployeeManagementSystem\EmployeeManagementSystem\target\classes started by User in C:\Users\User\Desktop\EmployeeManagementSystem\EmployeeManagementSystem\EmployeeManagementSystem)
2021-07-25 10:37:44,944 INFO c.E.E.EmployeeManagementSystemApplication [main] No active profile set, falling back to default profiles: default
2021-07-25 10:37:48,676 INFO o.s.d.r.c.RepositoryConfigurationDelegate [main] Bootstrapping Spring Data JPA repositories in DEFAULT mode.
2021-07-25 10:37:48,835 INFO o.s.d.r.c.RepositoryConfigurationDelegate [main] Finished Spring Data repository scanning in 136 ms. Found 2 JPA repository interfaces.
2021-07-25 10:37:51,181 INFO o.s.b.w.e.t.TomcatWebServer [main] Tomcat initialized with port(s): 9090 (http)
2021-07-25 10:37:51,249 INFO o.a.c.h.Http11NioProtocol [main] Initializing ProtocolHandler ["http-nio-9090"]
2021-07-25 10:37:51,250 INFO o.a.c.c.StandardService [main] Starting service [Tomcat]
2021-07-25 10:37:51,250 INFO o.a.c.c.StandardEngine [main] Starting Servlet engine: [Apache Tomcat/9.0.50]
2021-07-25 10:37:51,738 INFO o.a.c.c.C.[.[.[/] [main] Initializing Spring embedded WebApplicationContext
2021-07-25 10:37:51,738 INFO o.s.b.w.s.c.ServletWebServerApplicationContext [main] Root WebApplicationContext: initialization completed in 6626 ms
2021-07-25 10:37:52,384 INFO o.h.j.i.u.LogHelper [main] HHH000204: Processing PersistenceUnitInfo [name: default]
2021-07-25 10:37:52,620 INFO o.h.Version [main] HHH000412: Hibernate ORM core version 5.4.32.Final
2021-07-25 10:37:53,482 INFO o.h.a.c.Version [main] HCANN000001: Hibernate Commons Annotations {5.1.2.Final}
2021-07-25 10:37:53,876 INFO c.z.h.HikariDataSource [main] HikariPool-1 - Starting...
2021-07-25 10:37:54,716 INFO c.z.h.HikariDataSource [main] HikariPool-1 - Start completed.
2021-07-25 10:37:54,817 INFO o.h.d.Dialect [main] HHH000400: Using dialect: org.hibernate.dialect.PostgreSQL93Dialect
2021-07-25 10:37:57,524 INFO o.h.e.t.j.p.i.JtaPlatformInitiator [main] HHH000490: Using JtaPlatform implementation: [org.hibernate.engine.transaction.jta.platform.internal.NoJtaPlatform]
2021-07-25 10:37:57,539 INFO o.s.o.j.LocalContainerEntityManagerFactoryBean [main] Initialized JPA EntityManagerFactory for persistence unit 'default'
2021-07-25 10:37:58,842 WARN o.s.b.a.o.j.JpaBaseConfiguration$JpaWebConfiguration [main] spring.jpa.open-in-view is enabled by default. Therefore, database queries may be performed during view rendering. Explicitly configure spring.jpa.open-in-view to disable this warning
2021-07-25 10:37:59,690 INFO o.s.b.a.w.s.WelcomePageHandlerMapping [main] Adding welcome page template: index
2021-07-25 10:38:02,220 INFO o.a.c.h.Http11NioProtocol [main] Starting ProtocolHandler ["http-nio-9090"]
2021-07-25 10:38:02,354 INFO o.s.b.w.e.t.TomcatWebServer [main] Tomcat started on port(s): 9090 (http) with context path ''
2021-07-25 10:38:02,356 INFO s.d.s.w.p.DocumentationPluginsBootstrapper [main] Context refreshed
2021-07-25 10:38:02,502 INFO s.d.s.w.p.DocumentationPluginsBootstrapper [main] Found 1 custom documentation plugin(s)
2021-07-25 10:38:02,537 INFO s.d.s.w.s.ApiListingReferenceScanner [main] Scanning for api listing references
2021-07-25 10:38:03,345 INFO c.E.E.EmployeeManagementSystemApplication [main] Started EmployeeManagementSystemApplication in 19.703 seconds (JVM running for 22.369)
2021-07-25 10:38:31,846 INFO o.a.c.c.C.[.[.[/] [http-nio-9090-exec-1] Initializing Spring DispatcherServlet 'dispatcherServlet'
2021-07-25 10:38:31,847 INFO o.s.w.s.DispatcherServlet [http-nio-9090-exec-1] Initializing Servlet 'dispatcherServlet'
2021-07-25 10:38:31,849 INFO o.s.w.s.DispatcherServlet [http-nio-9090-exec-1] Completed initialization in 2 ms
2021-07-25 10:39:00,244 WARN o.s.w.s.m.s.DefaultHandlerExceptionResolver [http-nio-9090-exec-4] Resolved [org.springframework.web.bind.MissingPathVariableException: Required URI template variable 'empId' for method parameter type int is not present]
2021-07-25 10:49:07,205 INFO c.E.E.EmployeeManagementSystemApplication [main] Starting EmployeeManagementSystemApplication using Java 16.0.1 on DESKTOP-GC4GHMK with PID 756 (C:\Users\User\Desktop\EmployeeManagementSystem\EmployeeManagementSystem\EmployeeManagementSystem\target\classes started by User in C:\Users\User\Desktop\EmployeeManagementSystem\EmployeeManagementSystem\EmployeeManagementSystem)
2021-07-25 10:49:07,253 INFO c.E.E.EmployeeManagementSystemApplication [main] No active profile set, falling back to default profiles: default
2021-07-25 10:49:12,539 INFO o.s.d.r.c.RepositoryConfigurationDelegate [main] Bootstrapping Spring Data JPA repositories in DEFAULT mode.
2021-07-25 10:49:12,777 INFO o.s.d.r.c.RepositoryConfigurationDelegate [main] Finished Spring Data repository scanning in 197 ms. Found 2 JPA repository interfaces.
2021-07-25 10:49:15,724 INFO o.s.b.w.e.t.TomcatWebServer [main] Tomcat initialized with port(s): 9090 (http)
2021-07-25 10:49:15,795 INFO o.a.c.h.Http11NioProtocol [main] Initializing ProtocolHandler ["http-nio-9090"]
2021-07-25 10:49:15,797 INFO o.a.c.c.StandardService [main] Starting service [Tomcat]
2021-07-25 10:49:15,799 INFO o.a.c.c.StandardEngine [main] Starting Servlet engine: [Apache Tomcat/9.0.50]
2021-07-25 10:49:16,256 INFO o.a.c.c.C.[.[.[/] [main] Initializing Spring embedded WebApplicationContext
2021-07-25 10:49:16,256 INFO o.s.b.w.s.c.ServletWebServerApplicationContext [main] Root WebApplicationContext: initialization completed in 8795 ms
2021-07-25 10:49:17,319 INFO o.h.j.i.u.LogHelper [main] HHH000204: Processing PersistenceUnitInfo [name: default]
2021-07-25 10:49:17,545 INFO o.h.Version [main] HHH000412: Hibernate ORM core version 5.4.32.Final
2021-07-25 10:49:18,349 INFO o.h.a.c.Version [main] HCANN000001: Hibernate Commons Annotations {5.1.2.Final}
2021-07-25 10:49:18,804 INFO c.z.h.HikariDataSource [main] HikariPool-1 - Starting...
2021-07-25 10:49:19,699 INFO c.z.h.HikariDataSource [main] HikariPool-1 - Start completed.
2021-07-25 10:49:19,798 INFO o.h.d.Dialect [main] HHH000400: Using dialect: org.hibernate.dialect.PostgreSQL93Dialect
2021-07-25 10:49:22,863 INFO o.h.e.t.j.p.i.JtaPlatformInitiator [main] HHH000490: Using JtaPlatform implementation: [org.hibernate.engine.transaction.jta.platform.internal.NoJtaPlatform]
2021-07-25 10:49:22,904 INFO o.s.o.j.LocalContainerEntityManagerFactoryBean [main] Initialized JPA EntityManagerFactory for persistence unit 'default'
2021-07-25 10:49:24,426 WARN o.s.b.a.o.j.JpaBaseConfiguration$JpaWebConfiguration [main] spring.jpa.open-in-view is enabled by default. Therefore, database queries may be performed during view rendering. Explicitly configure spring.jpa.open-in-view to disable this warning
2021-07-25 10:49:25,240 INFO o.s.b.a.w.s.WelcomePageHandlerMapping [main] Adding welcome page template: index
2021-07-25 10:49:26,635 INFO o.a.c.h.Http11NioProtocol [main] Starting ProtocolHandler ["http-nio-9090"]
2021-07-25 10:49:26,743 INFO o.s.b.w.e.t.TomcatWebServer [main] Tomcat started on port(s): 9090 (http) with context path ''
2021-07-25 10:49:26,746 INFO s.d.s.w.p.DocumentationPluginsBootstrapper [main] Context refreshed
2021-07-25 10:49:26,958 INFO s.d.s.w.p.DocumentationPluginsBootstrapper [main] Found 1 custom documentation plugin(s)
2021-07-25 10:49:26,991 INFO s.d.s.w.s.ApiListingReferenceScanner [main] Scanning for api listing references
2021-07-25 10:49:27,467 INFO c.E.E.EmployeeManagementSystemApplication [main] Started EmployeeManagementSystemApplication in 21.123 seconds (JVM running for 23.135)
2021-07-25 10:49:46,665 INFO o.a.c.c.C.[.[.[/] [http-nio-9090-exec-2] Initializing Spring DispatcherServlet 'dispatcherServlet'
2021-07-25 10:49:46,665 INFO o.s.w.s.DispatcherServlet [http-nio-9090-exec-2] Initializing Servlet 'dispatcherServlet'
2021-07-25 10:49:46,668 INFO o.s.w.s.DispatcherServlet [http-nio-9090-exec-2] Completed initialization in 3 ms
2021-07-25 10:49:56,143 INFO c.E.E.S.EmployeeService [http-nio-9090-exec-4] Employee deleted
2021-07-25 10:49:57,971 INFO c.E.E.S.EmployeeService [http-nio-9090-exec-9] Employee deleted
2021-07-25 10:49:59,404 INFO c.E.E.S.EmployeeService [http-nio-9090-exec-1] Employee deleted
2021-07-25 10:50:29,793 INFO c.E.E.S.EmployeeService [http-nio-9090-exec-6] Employee Added
2021-07-25 10:50:40,081 INFO c.E.E.S.EmployeeService [http-nio-9090-exec-5] Employee Added
2021-07-25 10:53:12,309 INFO c.E.E.S.DepartmentService [http-nio-9090-exec-5] Department Added
